{"C:\\Users\\Tiago\\Desktop\\proyectos\\bootcamp-RN-globant\\athena\\components\\Button.js": {"path":"C:\\Users\\Tiago\\Desktop\\proyectos\\bootcamp-RN-globant\\athena\\components\\Button.js","statementMap":{"0":{"start":{"line":1,"column":13},"end":{"line":1,"column":75}},"1":{"start":{"line":1,"column":75},"end":{"line":1,"column":100}},"2":{"start":{"line":1,"column":113},"end":{"line":1,"column":153}},"3":{"start":{"line":2,"column":19},"end":{"line":2,"column":42}},"4":{"start":{"line":2,"column":55},"end":{"line":2,"column":59}},"5":{"start":{"line":2,"column":75},"end":{"line":2,"column":165}},"6":{"start":{"line":2,"column":204},"end":{"line":2,"column":258}},"7":{"start":{"line":4,"column":13},"end":{"line":12,"column":1}},"8":{"start":{"line":5,"column":20},"end":{"line":5,"column":38}},"9":{"start":{"line":5,"column":51},"end":{"line":5,"column":67}},"10":{"start":{"line":6,"column":16},"end":{"line":6,"column":29}},"11":{"start":{"line":6,"column":38},"end":{"line":6,"column":49}},"12":{"start":{"line":7,"column":2},"end":{"line":9,"column":168}},"13":{"start":{"line":14,"column":13},"end":{"line":30,"column":23}},"14":{"start":{"line":34,"column":0},"end":{"line":34,"column":6}},"15":{"start":{"line":34,"column":7},"end":{"line":34,"column":34}}},"fnMap":{"0":{"name":"_interopRequireDefault","decl":{"start":{"line":2,"column":175},"end":{"line":2,"column":197}},"loc":{"start":{"line":2,"column":203},"end":{"line":2,"column":259}},"line":2},"1":{"name":"Button","decl":{"start":{"line":4,"column":22},"end":{"line":4,"column":28}},"loc":{"start":{"line":4,"column":36},"end":{"line":12,"column":1}},"line":4}},"branchMap":{"0":{"loc":{"start":{"line":2,"column":211},"end":{"line":2,"column":257}},"type":"cond-expr","locations":[{"start":{"line":2,"column":235},"end":{"line":2,"column":238}},{"start":{"line":2,"column":241},"end":{"line":2,"column":257}}],"line":2},"1":{"loc":{"start":{"line":2,"column":211},"end":{"line":2,"column":232}},"type":"binary-expr","locations":[{"start":{"line":2,"column":211},"end":{"line":2,"column":214}},{"start":{"line":2,"column":218},"end":{"line":2,"column":232}}],"line":2}},"s":{"0":1,"1":1,"2":1,"3":1,"4":1,"5":1,"6":1,"7":1,"8":1,"9":1,"10":1,"11":1,"12":1,"13":1,"14":1,"15":1},"f":{"0":1,"1":1},"b":{"0":[0,1],"1":[1,1]},"inputSourceMap":null,"_coverageSchema":"1a1c01bbd47fc00a2c39e90264f33305004495a9","hash":"2975bcbe8561456f11b79939c63c23db0f5cc296"}
}
