{"C:\\Users\\Piero\\Desktop\\latest-dev-athena\\bootcamp-RN-globant\\athena\\utils\\helpers.js": {"path":"C:\\Users\\Piero\\Desktop\\latest-dev-athena\\bootcamp-RN-globant\\athena\\utils\\helpers.js","statementMap":{"0":{"start":{"line":1,"column":13},"end":{"line":1,"column":75}},"1":{"start":{"line":1,"column":75},"end":{"line":1,"column":420}},"2":{"start":{"line":3,"column":28},"end":{"line":4,"column":52}},"3":{"start":{"line":3,"column":68},"end":{"line":4,"column":51}},"4":{"start":{"line":4,"column":53},"end":{"line":4,"column":107}},"5":{"start":{"line":6,"column":21},"end":{"line":6,"column":79}},"6":{"start":{"line":6,"column":54},"end":{"line":6,"column":78}},"7":{"start":{"line":6,"column":80},"end":{"line":6,"column":120}},"8":{"start":{"line":8,"column":22},"end":{"line":9,"column":83}},"9":{"start":{"line":8,"column":65},"end":{"line":9,"column":82}},"10":{"start":{"line":9,"column":40},"end":{"line":9,"column":78}},"11":{"start":{"line":9,"column":84},"end":{"line":9,"column":126}},"12":{"start":{"line":11,"column":24},"end":{"line":12,"column":71}},"13":{"start":{"line":11,"column":66},"end":{"line":12,"column":70}},"14":{"start":{"line":12,"column":40},"end":{"line":12,"column":66}},"15":{"start":{"line":12,"column":72},"end":{"line":12,"column":118}},"16":{"start":{"line":14,"column":19},"end":{"line":15,"column":67}},"17":{"start":{"line":14,"column":56},"end":{"line":15,"column":66}},"18":{"start":{"line":15,"column":34},"end":{"line":15,"column":62}},"19":{"start":{"line":15,"column":68},"end":{"line":15,"column":104}},"20":{"start":{"line":17,"column":22},"end":{"line":20,"column":1}},"21":{"start":{"line":18,"column":21},"end":{"line":18,"column":89}},"22":{"start":{"line":18,"column":51},"end":{"line":18,"column":87}},"23":{"start":{"line":19,"column":2},"end":{"line":19,"column":33}},"24":{"start":{"line":20,"column":2},"end":{"line":20,"column":44}},"25":{"start":{"line":22,"column":22},"end":{"line":24,"column":94}},"26":{"start":{"line":22,"column":77},"end":{"line":24,"column":93}},"27":{"start":{"line":24,"column":21},"end":{"line":24,"column":89}},"28":{"start":{"line":24,"column":95},"end":{"line":24,"column":137}},"29":{"start":{"line":27,"column":24},"end":{"line":28,"column":61}},"30":{"start":{"line":27,"column":59},"end":{"line":28,"column":60}},"31":{"start":{"line":28,"column":34},"end":{"line":28,"column":56}},"32":{"start":{"line":28,"column":62},"end":{"line":28,"column":108}},"33":{"start":{"line":30,"column":24},"end":{"line":41,"column":1}},"34":{"start":{"line":31,"column":2},"end":{"line":33,"column":3}},"35":{"start":{"line":32,"column":4},"end":{"line":32,"column":27}},"36":{"start":{"line":34,"column":2},"end":{"line":36,"column":3}},"37":{"start":{"line":35,"column":4},"end":{"line":35,"column":31}},"38":{"start":{"line":37,"column":2},"end":{"line":39,"column":3}},"39":{"start":{"line":38,"column":4},"end":{"line":38,"column":35}},"40":{"start":{"line":40,"column":2},"end":{"line":40,"column":47}},"41":{"start":{"line":41,"column":2},"end":{"line":41,"column":48}},"42":{"start":{"line":43,"column":21},"end":{"line":50,"column":1}},"43":{"start":{"line":44,"column":2},"end":{"line":44,"column":37}},"44":{"start":{"line":44,"column":27},"end":{"line":44,"column":37}},"45":{"start":{"line":45,"column":15},"end":{"line":48,"column":4}},"46":{"start":{"line":46,"column":15},"end":{"line":46,"column":27}},"47":{"start":{"line":47,"column":4},"end":{"line":47,"column":60}},"48":{"start":{"line":49,"column":2},"end":{"line":49,"column":16}},"49":{"start":{"line":50,"column":2},"end":{"line":50,"column":42}},"50":{"start":{"line":52,"column":18},"end":{"line":63,"column":1}},"51":{"start":{"line":54,"column":16},"end":{"line":54,"column":32}},"52":{"start":{"line":56,"column":2},"end":{"line":58,"column":3}},"53":{"start":{"line":57,"column":4},"end":{"line":57,"column":25}},"54":{"start":{"line":59,"column":2},"end":{"line":61,"column":3}},"55":{"start":{"line":60,"column":4},"end":{"line":60,"column":27}},"56":{"start":{"line":62,"column":2},"end":{"line":62,"column":25}},"57":{"start":{"line":63,"column":2},"end":{"line":63,"column":36}},"58":{"start":{"line":65,"column":22},"end":{"line":66,"column":50}},"59":{"start":{"line":65,"column":65},"end":{"line":66,"column":49}},"60":{"start":{"line":66,"column":51},"end":{"line":66,"column":93}},"61":{"start":{"line":68,"column":19},"end":{"line":69,"column":44}},"62":{"start":{"line":68,"column":56},"end":{"line":69,"column":43}},"63":{"start":{"line":69,"column":45},"end":{"line":69,"column":81}}},"fnMap":{"0":{"name":"capitalizeFirstLetter","decl":{"start":{"line":3,"column":37},"end":{"line":3,"column":58}},"loc":{"start":{"line":3,"column":67},"end":{"line":4,"column":52}},"line":3},"1":{"name":"getFirstLetter","decl":{"start":{"line":6,"column":30},"end":{"line":6,"column":44}},"loc":{"start":{"line":6,"column":53},"end":{"line":6,"column":79}},"line":6},"2":{"name":"getUserProyects","decl":{"start":{"line":8,"column":31},"end":{"line":8,"column":46}},"loc":{"start":{"line":8,"column":64},"end":{"line":9,"column":83}},"line":8},"3":{"name":"(anonymous_3)","decl":{"start":{"line":9,"column":20},"end":{"line":9,"column":21}},"loc":{"start":{"line":9,"column":39},"end":{"line":9,"column":79}},"line":9},"4":{"name":"getCurrentProject","decl":{"start":{"line":11,"column":33},"end":{"line":11,"column":50}},"loc":{"start":{"line":11,"column":65},"end":{"line":12,"column":71}},"line":11},"5":{"name":"(anonymous_5)","decl":{"start":{"line":12,"column":20},"end":{"line":12,"column":21}},"loc":{"start":{"line":12,"column":39},"end":{"line":12,"column":67}},"line":12},"6":{"name":"getUserTasks","decl":{"start":{"line":14,"column":28},"end":{"line":14,"column":40}},"loc":{"start":{"line":14,"column":55},"end":{"line":15,"column":67}},"line":14},"7":{"name":"(anonymous_7)","decl":{"start":{"line":15,"column":17},"end":{"line":15,"column":18}},"loc":{"start":{"line":15,"column":33},"end":{"line":15,"column":63}},"line":15},"8":{"name":"projectHasTasks","decl":{"start":{"line":17,"column":31},"end":{"line":17,"column":46}},"loc":{"start":{"line":17,"column":65},"end":{"line":20,"column":1}},"line":17},"9":{"name":"(anonymous_9)","decl":{"start":{"line":18,"column":34},"end":{"line":18,"column":35}},"loc":{"start":{"line":18,"column":50},"end":{"line":18,"column":88}},"line":18},"10":{"name":"getProjectTasks","decl":{"start":{"line":22,"column":31},"end":{"line":22,"column":46}},"loc":{"start":{"line":22,"column":76},"end":{"line":24,"column":94}},"line":22},"11":{"name":"(anonymous_11)","decl":{"start":{"line":24,"column":4},"end":{"line":24,"column":5}},"loc":{"start":{"line":24,"column":20},"end":{"line":24,"column":90}},"line":24},"12":{"name":"getCompletedTasks","decl":{"start":{"line":27,"column":33},"end":{"line":27,"column":50}},"loc":{"start":{"line":27,"column":58},"end":{"line":28,"column":61}},"line":27},"13":{"name":"(anonymous_13)","decl":{"start":{"line":28,"column":17},"end":{"line":28,"column":18}},"loc":{"start":{"line":28,"column":33},"end":{"line":28,"column":57}},"line":28},"14":{"name":"formatDescription","decl":{"start":{"line":30,"column":33},"end":{"line":30,"column":50}},"loc":{"start":{"line":30,"column":67},"end":{"line":41,"column":1}},"line":30},"15":{"name":"filterProjects","decl":{"start":{"line":43,"column":30},"end":{"line":43,"column":44}},"loc":{"start":{"line":43,"column":62},"end":{"line":50,"column":1}},"line":43},"16":{"name":"(anonymous_16)","decl":{"start":{"line":45,"column":31},"end":{"line":45,"column":32}},"loc":{"start":{"line":45,"column":50},"end":{"line":48,"column":3}},"line":45},"17":{"name":"welcomeText","decl":{"start":{"line":52,"column":27},"end":{"line":52,"column":38}},"loc":{"start":{"line":52,"column":46},"end":{"line":63,"column":1}},"line":52},"18":{"name":"userHasProjects","decl":{"start":{"line":65,"column":31},"end":{"line":65,"column":46}},"loc":{"start":{"line":65,"column":64},"end":{"line":66,"column":50}},"line":65},"19":{"name":"userHasTasks","decl":{"start":{"line":68,"column":28},"end":{"line":68,"column":40}},"loc":{"start":{"line":68,"column":55},"end":{"line":69,"column":44}},"line":68}},"branchMap":{"0":{"loc":{"start":{"line":24,"column":28},"end":{"line":24,"column":88}},"type":"binary-expr","locations":[{"start":{"line":24,"column":28},"end":{"line":24,"column":56}},{"start":{"line":24,"column":60},"end":{"line":24,"column":88}}],"line":24},"1":{"loc":{"start":{"line":31,"column":2},"end":{"line":33,"column":3}},"type":"if","locations":[{"start":{"line":31,"column":2},"end":{"line":33,"column":3}},{"start":{"line":31,"column":2},"end":{"line":33,"column":3}}],"line":31},"2":{"loc":{"start":{"line":34,"column":2},"end":{"line":36,"column":3}},"type":"if","locations":[{"start":{"line":34,"column":2},"end":{"line":36,"column":3}},{"start":{"line":34,"column":2},"end":{"line":36,"column":3}}],"line":34},"3":{"loc":{"start":{"line":37,"column":2},"end":{"line":39,"column":3}},"type":"if","locations":[{"start":{"line":37,"column":2},"end":{"line":39,"column":3}},{"start":{"line":37,"column":2},"end":{"line":39,"column":3}}],"line":37},"4":{"loc":{"start":{"line":44,"column":2},"end":{"line":44,"column":37}},"type":"if","locations":[{"start":{"line":44,"column":2},"end":{"line":44,"column":37}},{"start":{"line":44,"column":2},"end":{"line":44,"column":37}}],"line":44},"5":{"loc":{"start":{"line":56,"column":2},"end":{"line":58,"column":3}},"type":"if","locations":[{"start":{"line":56,"column":2},"end":{"line":58,"column":3}},{"start":{"line":56,"column":2},"end":{"line":58,"column":3}}],"line":56},"6":{"loc":{"start":{"line":59,"column":2},"end":{"line":61,"column":3}},"type":"if","locations":[{"start":{"line":59,"column":2},"end":{"line":61,"column":3}},{"start":{"line":59,"column":2},"end":{"line":61,"column":3}}],"line":59}},"s":{"0":1,"1":1,"2":1,"3":1,"4":1,"5":1,"6":1,"7":1,"8":1,"9":3,"10":9,"11":1,"12":1,"13":1,"14":3,"15":1,"16":1,"17":3,"18":9,"19":1,"20":1,"21":2,"22":6,"23":2,"24":1,"25":1,"26":2,"27":8,"28":1,"29":1,"30":1,"31":4,"32":1,"33":1,"34":4,"35":1,"36":3,"37":1,"38":2,"39":1,"40":1,"41":1,"42":1,"43":1,"44":0,"45":1,"46":3,"47":3,"48":1,"49":1,"50":1,"51":0,"52":0,"53":0,"54":0,"55":0,"56":0,"57":1,"58":1,"59":2,"60":1,"61":1,"62":2,"63":1},"f":{"0":1,"1":1,"2":3,"3":9,"4":1,"5":3,"6":3,"7":9,"8":2,"9":6,"10":2,"11":8,"12":1,"13":4,"14":4,"15":1,"16":3,"17":0,"18":2,"19":2},"b":{"0":[8,4],"1":[1,3],"2":[1,2],"3":[1,1],"4":[0,1],"5":[0,0],"6":[0,0]},"inputSourceMap":null,"_coverageSchema":"1a1c01bbd47fc00a2c39e90264f33305004495a9","hash":"cab3f4d1a42dc6486ee36f2fb5c8b7bb46a1f889"}
}
