TN:
SF:utils\helpers.js
FN:3,capitalizeFirstLetter
FN:6,getFirstLetter
FN:8,getUserProyects
FN:9,(anonymous_3)
FN:11,getCurrentProject
FN:12,(anonymous_5)
FN:14,getUserTasks
FN:15,(anonymous_7)
FN:17,projectHasTasks
FN:18,(anonymous_9)
FN:22,getProjectTasks
FN:24,(anonymous_11)
FN:27,getCompletedTasks
FN:28,(anonymous_13)
FN:30,formatDescription
FN:43,filterProjects
FN:45,(anonymous_16)
FN:52,welcomeText
FN:65,userHasProjects
FN:68,userHasTasks
FNF:20
FNH:19
FNDA:1,capitalizeFirstLetter
FNDA:1,getFirstLetter
FNDA:3,getUserProyects
FNDA:9,(anonymous_3)
FNDA:1,getCurrentProject
FNDA:3,(anonymous_5)
FNDA:3,getUserTasks
FNDA:9,(anonymous_7)
FNDA:2,projectHasTasks
FNDA:6,(anonymous_9)
FNDA:2,getProjectTasks
FNDA:8,(anonymous_11)
FNDA:1,getCompletedTasks
FNDA:4,(anonymous_13)
FNDA:4,formatDescription
FNDA:1,filterProjects
FNDA:3,(anonymous_16)
FNDA:0,welcomeText
FNDA:2,userHasProjects
FNDA:2,userHasTasks
DA:1,1
DA:3,1
DA:4,1
DA:6,1
DA:8,3
DA:9,9
DA:11,1
DA:12,3
DA:14,3
DA:15,9
DA:17,1
DA:18,6
DA:19,2
DA:20,1
DA:22,2
DA:24,8
DA:27,1
DA:28,4
DA:30,1
DA:31,4
DA:32,1
DA:34,3
DA:35,1
DA:37,2
DA:38,1
DA:40,1
DA:41,1
DA:43,1
DA:44,1
DA:45,1
DA:46,3
DA:47,3
DA:49,1
DA:50,1
DA:52,1
DA:54,0
DA:56,0
DA:57,0
DA:59,0
DA:60,0
DA:62,0
DA:63,1
DA:65,2
DA:66,1
DA:68,2
DA:69,1
LF:46
LH:40
BRDA:24,0,0,8
BRDA:24,0,1,4
BRDA:31,1,0,1
BRDA:31,1,1,3
BRDA:34,2,0,1
BRDA:34,2,1,2
BRDA:37,3,0,1
BRDA:37,3,1,1
BRDA:44,4,0,0
BRDA:44,4,1,1
BRDA:56,5,0,0
BRDA:56,5,1,0
BRDA:59,6,0,0
BRDA:59,6,1,0
BRF:14
BRH:9
end_of_record
